00h00mn00s007895us [ INFO SUPERVISEUR::KERNEL ]  Supervision prete à être lancée 
00h00mn00s008548us [ INFO SUPERVISEUR::INTERPRETER_CMD_SPECIALES ]  interpréteur commande spéciale actif
00h00mn00s008827us [ DBG  ProxySEIS::seDeconnecter() ]   Deconnexion du SEIS faite
00h00mn00s009087us [ INFO SUPERVISEUR::KERNEL ]  ++++ On entre dans le mode ATTENTE ++++
00h00mn00s009304us [ INFO  ProxySEIS::ReceptionEnvoiSEIS ]  l'écoute du SEIS est active
00h00mn00s009574us [ INFO  ProxySEIS::ReceptionEnvoiSEIS ]  Attente de la connexion au SEIS
00h00mn00s009766us [ INFO SUPERVISEUR::INTERPRETER_CMD_NORMALES ]  interpréteur de commandes normales actif
00h00mn00s009948us [ DBG  ETATS::SET_ETAT_PANNEAUX ] recu en parametre :64 ( 0x40) , donne 'Etat Panneaux' : 170 (0x0)
00h00mn00s010117us [ INFO SUPERVISEUR::KERNEL ]   etats ATTENTE initialisé
00h00mn00s010270us [ INFO SUPERVISEUR::KERNEL ]   setEtatSysteme=Etats::ATTENTE 
e00;00;00;9e;000007c0;00000000;01;00000000;01;01;aa;00000000;00;00;00000000;0000;0000;0000;0000;0000;00;000

00h00mn00s010972us [ INFO SUPERVISEUR::SURVEILLANCE_ARRU ]  La surveillance des Arrets d'Urgences est active
00h00mn00s011172us [ INFO SUPERVISEUR::SURVEILLANCE_ENERGIE ]  surveillance énergie active
00h00mn00s011347us [ INFO SUPERVISEUR::DIFFUSER ] le service de diffusion est actif
00h00mn00s011501us [ INFO SUPERVISEUR::RECEPTION_CMDS ]  l'écoute commande active
00h00mn00s011685us [ DBG  SUPERVISEUR::RECEPTION_CMDS ] ancienne commande effacée
00h00mn00s011840us [ INFO  Superviseur::DemandeIHM() ]  demande 0x00000080
00h00mn00s011998us [ INFO SUPERVISEUR::DEMANDE_IHM ]  demande IHM
00h00mn00s012159us [ INFO SUPERVISEUR::INSCRIPTION_CLIENTS ] le service d'inscription des Clients est actif
e00;00;00;9e;000007c0;00000080;01;00000000;01;01;aa;00000000;00;00;00000000;0000;0000;0000;0000;0000;00;000

