00h00mn00s011688us [ INFO SUPERVISEUR::KERNEL ]  Supervision prete à être lancée 
00h00mn00s012004us [ DBG  ProxySEIS::seDeconnecter() ]   Deconnexion du SEIS faite
00h00mn00s012140us [ INFO SUPERVISEUR::KERNEL ]  ++++ On entre dans le mode ATTENTE ++++
00h00mn00s012259us [ INFO SUPERVISEUR::INTERPRETER_CMD_SPECIALES ]  interpréteur commande spéciale actif
00h00mn00s012401us [ INFO SUPERVISEUR::INTERPRETER_CMD_NORMALES ]  interpréteur de commandes normales actif
00h00mn00s014354us [ INFO SUPERVISEUR::SURVEILLANCE_ARRU ]  La surveillance des Arrets d'Urgences est active
00h00mn00s014581us [ INFO SUPERVISEUR::INSCRIPTION_CLIENTS ] le service d'inscription des Clients est actif
00h00mn00s014746us [ INFO SUPERVISEUR::SURVEILLANCE_ENERGIE ]  surveillance énergie active
00h00mn00s014879us [ INFO SUPERVISEUR::DIFFUSER ] le service de diffusion est actif
00h00mn00s014997us [ INFO  ProxySEIS::ReceptionEnvoiSEIS ]  l'écoute du SEIS est active
00h00mn00s015106us [ INFO  ProxySEIS::ReceptionEnvoiSEIS ]  Attente de la connexion au SEIS
00h00mn00s015203us [ INFO SUPERVISEUR::RECEPTION_CMDS ]  l'écoute commande active
00h00mn00s015304us [ DBG  SUPERVISEUR::RECEPTION_CMDS ] ancienne commande effacée
00h00mn00s019800us [ DBG  ETATS::SET_ETAT_PANNEAUX ] recu en parametre :64 ( 0x40) , donne 'Etat Panneaux' : 170 (0x0)
00h00mn00s019975us [ INFO SUPERVISEUR::KERNEL ]   etats ATTENTE initialisé
00h00mn00s020080us [ INFO SUPERVISEUR::KERNEL ]   setEtatSysteme=Etats::ATTENTE 
e00;00;00;9e;000007c0;00000000;01;00000000;01;01;aa;00000000;00;00;00000000;0000;0000;0000;0000;0000;00;000

00h00mn00s020281us [ INFO  Superviseur::DemandeIHM() ]  demande 0x00000080
00h00mn00s020379us [ INFO SUPERVISEUR::DEMANDE_IHM ]  demande IHM
e00;00;00;9e;000007c0;00000080;01;00000000;01;01;aa;00000000;00;00;00000000;0000;0000;0000;0000;0000;00;000

